0 info it worked if it ends with ok
1 verbose cli [ '/home/diego/.nvm/versions/node/v7.7.2/bin/node',
1 verbose cli   '/home/diego/.nvm/versions/node/v7.7.2/bin/npm',
1 verbose cli   'publish' ]
2 info using npm@4.1.2
3 info using node@v7.7.2
4 verbose publish [ '.' ]
5 silly cache add args [ '.', null ]
6 verbose cache add spec .
7 silly cache add parsed spec Result {
7 silly cache add   raw: '.',
7 silly cache add   scope: null,
7 silly cache add   escapedName: null,
7 silly cache add   name: null,
7 silly cache add   rawSpec: '.',
7 silly cache add   spec: '/home/diego/Documentos/projetos/npm/neomongoose',
7 silly cache add   type: 'directory' }
8 verbose addLocalDirectory /home/diego/.npm/negomongoose/1.0.1/package.tgz not in flight; packing
9 verbose correctMkdir /home/diego/.npm correctMkdir not in flight; initializing
10 info lifecycle negomongoose@1.0.1~prepublish: negomongoose@1.0.1
11 silly lifecycle negomongoose@1.0.1~prepublish: no script for prepublish, continuing
12 info lifecycle negomongoose@1.0.1~prepare: negomongoose@1.0.1
13 silly lifecycle negomongoose@1.0.1~prepare: no script for prepare, continuing
14 verbose tar pack [ '/home/diego/.npm/negomongoose/1.0.1/package.tgz',
14 verbose tar pack   '/home/diego/Documentos/projetos/npm/neomongoose' ]
15 verbose tarball /home/diego/.npm/negomongoose/1.0.1/package.tgz
16 verbose folder /home/diego/Documentos/projetos/npm/neomongoose
17 verbose addLocalTarball adding from inside cache /home/diego/.npm/negomongoose/1.0.1/package.tgz
18 verbose correctMkdir /home/diego/.npm correctMkdir not in flight; initializing
19 silly cache afterAdd negomongoose@1.0.1
20 verbose afterAdd /home/diego/.npm/negomongoose/1.0.1/package/package.json not in flight; writing
21 verbose correctMkdir /home/diego/.npm correctMkdir not in flight; initializing
22 verbose afterAdd /home/diego/.npm/negomongoose/1.0.1/package/package.json written
23 silly publish { name: 'negomongoose',
23 silly publish   description: 'Mongoose plugin that working with mongoose and neo4j together',
23 silly publish   version: '1.0.1',
23 silly publish   author:
23 silly publish    { name: 'Diego Conti Santeri Tonini',
23 silly publish      email: 'diegosanteri@gmail.com' },
23 silly publish   contributors:
23 silly publish    [ { name: 'Phillip Cristain Beck',
23 silly publish        email: 'phillipcbeck@gmail.com' } ],
23 silly publish   keywords: [ 'mongodb', 'mongoose', 'neo4j', 'neo4jdriver', 'plugin' ],
23 silly publish   repository:
23 silly publish    { type: 'git',
23 silly publish      url: 'git://github.com/diego_santeri/neomongo.git' },
23 silly publish   dependencies: { mongoose: '>= 3.0', 'neo4j-driver': '^1.3.0', jju: '^1.3.0' },
23 silly publish   license: 'MIT',
23 silly publish   engine: { node: '>= 0.10' },
23 silly publish   readme: '# neomongoose\n',
23 silly publish   readmeFilename: 'README.md',
23 silly publish   gitHead: '41b74dc7525566b888365150229dc21a8dfc85f3',
23 silly publish   bugs: { url: 'https://github.com/diego_santeri/neomongo/issues' },
23 silly publish   homepage: 'https://github.com/diego_santeri/neomongo#readme',
23 silly publish   _id: 'negomongoose@1.0.1',
23 silly publish   scripts: {},
23 silly publish   _shasum: 'dc0e2873fb429bc2ca6ed20b4952720f4a2aa4d1',
23 silly publish   _from: '.' }
24 info lifecycle negomongoose@1.0.1~prepublishOnly: negomongoose@1.0.1
25 silly lifecycle negomongoose@1.0.1~prepublishOnly: no script for prepublishOnly, continuing
26 verbose getPublishConfig undefined
27 silly mapToRegistry name negomongoose
28 silly mapToRegistry using default registry
29 silly mapToRegistry registry https://registry.npmjs.org/
30 silly mapToRegistry data Result {
30 silly mapToRegistry   raw: 'negomongoose',
30 silly mapToRegistry   scope: null,
30 silly mapToRegistry   escapedName: 'negomongoose',
30 silly mapToRegistry   name: 'negomongoose',
30 silly mapToRegistry   rawSpec: '',
30 silly mapToRegistry   spec: 'latest',
30 silly mapToRegistry   type: 'tag' }
31 silly mapToRegistry uri https://registry.npmjs.org/negomongoose
32 verbose publish registryBase https://registry.npmjs.org/
33 silly publish uploading /home/diego/.npm/negomongoose/1.0.1/package.tgz
34 verbose request uri https://registry.npmjs.org/negomongoose
35 verbose request sending authorization for write operation
36 info attempt registry request try #1 at 16:04:31
37 verbose request using bearer token for auth
38 verbose request id 5f41ff94eb73ca05
39 http request PUT https://registry.npmjs.org/negomongoose
40 http 403 https://registry.npmjs.org/negomongoose
41 verbose headers { 'content-type': 'application/json',
41 verbose headers   'cache-control': 'max-age=300',
41 verbose headers   'content-length': '95',
41 verbose headers   'accept-ranges': 'bytes',
41 verbose headers   date: 'Fri, 12 May 2017 19:04:32 GMT',
41 verbose headers   via: '1.1 varnish',
41 verbose headers   connection: 'keep-alive',
41 verbose headers   'x-served-by': 'cache-gru7127-GRU',
41 verbose headers   'x-cache': 'MISS',
41 verbose headers   'x-cache-hits': '0',
41 verbose headers   'x-timer': 'S1494615872.556417,VS0,VE843',
41 verbose headers   vary: 'Accept-Encoding' }
42 verbose request invalidating /home/diego/.npm/registry.npmjs.org/negomongoose on PUT
43 error publish Failed PUT 403
44 verbose stack Error: "You cannot publish over the previously published version 1.0.1." : negomongoose
44 verbose stack     at makeError (/home/diego/.nvm/versions/node/v7.7.2/lib/node_modules/npm/node_modules/npm-registry-client/lib/request.js:304:12)
44 verbose stack     at CachingRegistryClient.<anonymous> (/home/diego/.nvm/versions/node/v7.7.2/lib/node_modules/npm/node_modules/npm-registry-client/lib/request.js:292:14)
44 verbose stack     at Request._callback (/home/diego/.nvm/versions/node/v7.7.2/lib/node_modules/npm/node_modules/npm-registry-client/lib/request.js:212:14)
44 verbose stack     at Request.self.callback (/home/diego/.nvm/versions/node/v7.7.2/lib/node_modules/npm/node_modules/request/request.js:186:22)
44 verbose stack     at emitTwo (events.js:106:13)
44 verbose stack     at Request.emit (events.js:194:7)
44 verbose stack     at Request.<anonymous> (/home/diego/.nvm/versions/node/v7.7.2/lib/node_modules/npm/node_modules/request/request.js:1081:10)
44 verbose stack     at emitOne (events.js:96:13)
44 verbose stack     at Request.emit (events.js:191:7)
44 verbose stack     at IncomingMessage.<anonymous> (/home/diego/.nvm/versions/node/v7.7.2/lib/node_modules/npm/node_modules/request/request.js:1001:12)
45 verbose statusCode 403
46 verbose pkgid negomongoose
47 verbose cwd /home/diego/Documentos/projetos/npm/neomongoose
48 error Linux 4.4.0-53-generic
49 error argv "/home/diego/.nvm/versions/node/v7.7.2/bin/node" "/home/diego/.nvm/versions/node/v7.7.2/bin/npm" "publish"
50 error node v7.7.2
51 error npm  v4.1.2
52 error code E403
53 error "You cannot publish over the previously published version 1.0.1." : negomongoose
54 error If you need help, you may report this error at:
54 error     <https://github.com/npm/npm/issues>
55 verbose exit [ 1, true ]
